<?xml version="1.0" encoding="UTF-8"?>
<testsuite xmlns:xsi="http://www.w3.org/2001/XMLSchema-instance" xsi:noNamespaceSchemaLocation="https://maven.apache.org/surefire/maven-surefire-plugin/xsd/surefire-test-report.xsd" name="com.joanadantas.RegularPricingTest" time="0" tests="3" errors="0" skipped="0" failures="0">
  <properties>
    <property name="gopherProxySet" value="false"/>
    <property name="awt.toolkit" value="sun.lwawt.macosx.LWCToolkit"/>
    <property name="file.encoding.pkg" value="sun.io"/>
    <property name="java.specification.version" value="1.8"/>
    <property name="sun.cpu.isalist" value=""/>
    <property name="sun.jnu.encoding" value="UTF-8"/>
    <property name="java.class.path" value="/Users/jodantas/Documents/studying_coding/studying_java_miscellanious/casumo/videorental/target/test-classes:/Users/jodantas/Documents/studying_coding/studying_java_miscellanious/casumo/videorental/target/classes:/Users/jodantas/.m2/repository/junit/junit/4.11/junit-4.11.jar:/Users/jodantas/.m2/repository/org/hamcrest/hamcrest-core/1.3/hamcrest-core-1.3.jar:/Users/jodantas/.m2/repository/com/sun/jersey/jersey-server/1.19.4/jersey-server-1.19.4.jar:/Users/jodantas/.m2/repository/com/sun/jersey/jersey-bundle/1.19.4/jersey-bundle-1.19.4.jar:/Users/jodantas/.m2/repository/javax/ws/rs/jsr311-api/1.1.1/jsr311-api-1.1.1.jar:/Users/jodantas/.m2/repository/com/sun/jersey/jersey-core/1.19.4/jersey-core-1.19.4.jar:/Users/jodantas/.m2/repository/com/fasterxml/jackson/core/jackson-databind/2.9.6/jackson-databind-2.9.6.jar:/Users/jodantas/.m2/repository/com/fasterxml/jackson/core/jackson-annotations/2.9.0/jackson-annotations-2.9.0.jar:/Users/jodantas/.m2/repository/com/fasterxml/jackson/core/jackson-core/2.9.6/jackson-core-2.9.6.jar:/Users/jodantas/.m2/repository/com/sun/jersey/jersey-json/1.8/jersey-json-1.8.jar:/Users/jodantas/.m2/repository/org/codehaus/jettison/jettison/1.1/jettison-1.1.jar:/Users/jodantas/.m2/repository/stax/stax-api/1.0.1/stax-api-1.0.1.jar:/Users/jodantas/.m2/repository/com/sun/xml/bind/jaxb-impl/2.2.3-1/jaxb-impl-2.2.3-1.jar:/Users/jodantas/.m2/repository/javax/xml/bind/jaxb-api/2.2.2/jaxb-api-2.2.2.jar:/Users/jodantas/.m2/repository/javax/xml/stream/stax-api/1.0-2/stax-api-1.0-2.jar:/Users/jodantas/.m2/repository/javax/activation/activation/1.1/activation-1.1.jar:/Users/jodantas/.m2/repository/org/codehaus/jackson/jackson-core-asl/1.7.1/jackson-core-asl-1.7.1.jar:/Users/jodantas/.m2/repository/org/codehaus/jackson/jackson-mapper-asl/1.7.1/jackson-mapper-asl-1.7.1.jar:/Users/jodantas/.m2/repository/org/codehaus/jackson/jackson-jaxrs/1.7.1/jackson-jaxrs-1.7.1.jar:/Users/jodantas/.m2/repository/org/codehaus/jackson/jackson-xc/1.7.1/jackson-xc-1.7.1.jar:/Users/jodantas/.m2/repository/org/springframework/spring-core/4.0.1.RELEASE/spring-core-4.0.1.RELEASE.jar:/Users/jodantas/.m2/repository/commons-logging/commons-logging/1.1.1/commons-logging-1.1.1.jar:/Users/jodantas/.m2/repository/org/springframework/spring-context/4.0.1.RELEASE/spring-context-4.0.1.RELEASE.jar:/Users/jodantas/.m2/repository/org/springframework/spring-aop/4.0.1.RELEASE/spring-aop-4.0.1.RELEASE.jar:/Users/jodantas/.m2/repository/aopalliance/aopalliance/1.0/aopalliance-1.0.jar:/Users/jodantas/.m2/repository/org/springframework/spring-beans/4.0.1.RELEASE/spring-beans-4.0.1.RELEASE.jar:/Users/jodantas/.m2/repository/org/springframework/spring-expression/4.0.1.RELEASE/spring-expression-4.0.1.RELEASE.jar:/Users/jodantas/.m2/repository/org/springframework/spring-webmvc/4.0.1.RELEASE/spring-webmvc-4.0.1.RELEASE.jar:/Users/jodantas/.m2/repository/org/springframework/spring-web/4.0.1.RELEASE/spring-web-4.0.1.RELEASE.jar:/Users/jodantas/.m2/repository/javax/servlet/javax.servlet-api/3.1.0/javax.servlet-api-3.1.0.jar:/Users/jodantas/.m2/repository/javax/servlet/jstl/1.2/jstl-1.2.jar:"/>
    <property name="java.vm.vendor" value="Oracle Corporation"/>
    <property name="sun.arch.data.model" value="64"/>
    <property name="java.vendor.url" value="http://java.oracle.com/"/>
    <property name="user.timezone" value=""/>
    <property name="user.country.format" value="ES"/>
    <property name="java.vm.specification.version" value="1.8"/>
    <property name="os.name" value="Mac OS X"/>
    <property name="user.country" value="US"/>
    <property name="sun.java.launcher" value="SUN_STANDARD"/>
    <property name="sun.boot.library.path" value="/Library/Java/JavaVirtualMachines/jdk1.8.0_71.jdk/Contents/Home/jre/lib"/>
    <property name="sun.java.command" value="/Users/jodantas/Documents/studying_coding/studying_java_miscellanious/casumo/videorental/target/surefire/surefirebooter7259985017396077227.jar /Users/jodantas/Documents/studying_coding/studying_java_miscellanious/casumo/videorental/target/surefire 2018-07-01T20-17-03_715-jvmRun1 surefire7088369475696159925tmp surefire_02046231949893200757tmp"/>
    <property name="http.nonProxyHosts" value="local|*.local|169.254/16|*.169.254/16"/>
    <property name="surefire.test.class.path" value="/Users/jodantas/Documents/studying_coding/studying_java_miscellanious/casumo/videorental/target/test-classes:/Users/jodantas/Documents/studying_coding/studying_java_miscellanious/casumo/videorental/target/classes:/Users/jodantas/.m2/repository/junit/junit/4.11/junit-4.11.jar:/Users/jodantas/.m2/repository/org/hamcrest/hamcrest-core/1.3/hamcrest-core-1.3.jar:/Users/jodantas/.m2/repository/com/sun/jersey/jersey-server/1.19.4/jersey-server-1.19.4.jar:/Users/jodantas/.m2/repository/com/sun/jersey/jersey-bundle/1.19.4/jersey-bundle-1.19.4.jar:/Users/jodantas/.m2/repository/javax/ws/rs/jsr311-api/1.1.1/jsr311-api-1.1.1.jar:/Users/jodantas/.m2/repository/com/sun/jersey/jersey-core/1.19.4/jersey-core-1.19.4.jar:/Users/jodantas/.m2/repository/com/fasterxml/jackson/core/jackson-databind/2.9.6/jackson-databind-2.9.6.jar:/Users/jodantas/.m2/repository/com/fasterxml/jackson/core/jackson-annotations/2.9.0/jackson-annotations-2.9.0.jar:/Users/jodantas/.m2/repository/com/fasterxml/jackson/core/jackson-core/2.9.6/jackson-core-2.9.6.jar:/Users/jodantas/.m2/repository/com/sun/jersey/jersey-json/1.8/jersey-json-1.8.jar:/Users/jodantas/.m2/repository/org/codehaus/jettison/jettison/1.1/jettison-1.1.jar:/Users/jodantas/.m2/repository/stax/stax-api/1.0.1/stax-api-1.0.1.jar:/Users/jodantas/.m2/repository/com/sun/xml/bind/jaxb-impl/2.2.3-1/jaxb-impl-2.2.3-1.jar:/Users/jodantas/.m2/repository/javax/xml/bind/jaxb-api/2.2.2/jaxb-api-2.2.2.jar:/Users/jodantas/.m2/repository/javax/xml/stream/stax-api/1.0-2/stax-api-1.0-2.jar:/Users/jodantas/.m2/repository/javax/activation/activation/1.1/activation-1.1.jar:/Users/jodantas/.m2/repository/org/codehaus/jackson/jackson-core-asl/1.7.1/jackson-core-asl-1.7.1.jar:/Users/jodantas/.m2/repository/org/codehaus/jackson/jackson-mapper-asl/1.7.1/jackson-mapper-asl-1.7.1.jar:/Users/jodantas/.m2/repository/org/codehaus/jackson/jackson-jaxrs/1.7.1/jackson-jaxrs-1.7.1.jar:/Users/jodantas/.m2/repository/org/codehaus/jackson/jackson-xc/1.7.1/jackson-xc-1.7.1.jar:/Users/jodantas/.m2/repository/org/springframework/spring-core/4.0.1.RELEASE/spring-core-4.0.1.RELEASE.jar:/Users/jodantas/.m2/repository/commons-logging/commons-logging/1.1.1/commons-logging-1.1.1.jar:/Users/jodantas/.m2/repository/org/springframework/spring-context/4.0.1.RELEASE/spring-context-4.0.1.RELEASE.jar:/Users/jodantas/.m2/repository/org/springframework/spring-aop/4.0.1.RELEASE/spring-aop-4.0.1.RELEASE.jar:/Users/jodantas/.m2/repository/aopalliance/aopalliance/1.0/aopalliance-1.0.jar:/Users/jodantas/.m2/repository/org/springframework/spring-beans/4.0.1.RELEASE/spring-beans-4.0.1.RELEASE.jar:/Users/jodantas/.m2/repository/org/springframework/spring-expression/4.0.1.RELEASE/spring-expression-4.0.1.RELEASE.jar:/Users/jodantas/.m2/repository/org/springframework/spring-webmvc/4.0.1.RELEASE/spring-webmvc-4.0.1.RELEASE.jar:/Users/jodantas/.m2/repository/org/springframework/spring-web/4.0.1.RELEASE/spring-web-4.0.1.RELEASE.jar:/Users/jodantas/.m2/repository/javax/servlet/javax.servlet-api/3.1.0/javax.servlet-api-3.1.0.jar:/Users/jodantas/.m2/repository/javax/servlet/jstl/1.2/jstl-1.2.jar:"/>
    <property name="sun.cpu.endian" value="little"/>
    <property name="user.home" value="/Users/jodantas"/>
    <property name="user.language" value="en"/>
    <property name="java.specification.vendor" value="Oracle Corporation"/>
    <property name="java.home" value="/Library/Java/JavaVirtualMachines/jdk1.8.0_71.jdk/Contents/Home/jre"/>
    <property name="basedir" value="/Users/jodantas/Documents/studying_coding/studying_java_miscellanious/casumo/videorental"/>
    <property name="file.separator" value="/"/>
    <property name="line.separator" value="&#10;"/>
    <property name="java.vm.specification.vendor" value="Oracle Corporation"/>
    <property name="java.specification.name" value="Java Platform API Specification"/>
    <property name="java.awt.graphicsenv" value="sun.awt.CGraphicsEnvironment"/>
    <property name="surefire.real.class.path" value="/Users/jodantas/Documents/studying_coding/studying_java_miscellanious/casumo/videorental/target/surefire/surefirebooter7259985017396077227.jar"/>
    <property name="sun.boot.class.path" value="/Library/Java/JavaVirtualMachines/jdk1.8.0_71.jdk/Contents/Home/jre/lib/resources.jar:/Library/Java/JavaVirtualMachines/jdk1.8.0_71.jdk/Contents/Home/jre/lib/rt.jar:/Library/Java/JavaVirtualMachines/jdk1.8.0_71.jdk/Contents/Home/jre/lib/sunrsasign.jar:/Library/Java/JavaVirtualMachines/jdk1.8.0_71.jdk/Contents/Home/jre/lib/jsse.jar:/Library/Java/JavaVirtualMachines/jdk1.8.0_71.jdk/Contents/Home/jre/lib/jce.jar:/Library/Java/JavaVirtualMachines/jdk1.8.0_71.jdk/Contents/Home/jre/lib/charsets.jar:/Library/Java/JavaVirtualMachines/jdk1.8.0_71.jdk/Contents/Home/jre/lib/jfr.jar:/Library/Java/JavaVirtualMachines/jdk1.8.0_71.jdk/Contents/Home/jre/classes"/>
    <property name="sun.management.compiler" value="HotSpot 64-Bit Tiered Compilers"/>
    <property name="ftp.nonProxyHosts" value="local|*.local|169.254/16|*.169.254/16"/>
    <property name="java.runtime.version" value="1.8.0_71-b15"/>
    <property name="user.name" value="jodantas"/>
    <property name="path.separator" value=":"/>
    <property name="os.version" value="10.11.6"/>
    <property name="java.endorsed.dirs" value="/Library/Java/JavaVirtualMachines/jdk1.8.0_71.jdk/Contents/Home/jre/lib/endorsed"/>
    <property name="java.runtime.name" value="Java(TM) SE Runtime Environment"/>
    <property name="file.encoding" value="UTF-8"/>
    <property name="java.vm.name" value="Java HotSpot(TM) 64-Bit Server VM"/>
    <property name="localRepository" value="/Users/jodantas/.m2/repository"/>
    <property name="java.vendor.url.bug" value="http://bugreport.sun.com/bugreport/"/>
    <property name="java.io.tmpdir" value="/var/folders/8s/gx03dpgj7vl9s07cdr9f3yn80000gn/T/"/>
    <property name="idea.version" value="2018.1.5"/>
    <property name="java.version" value="1.8.0_71"/>
    <property name="user.dir" value="/Users/jodantas/Documents/studying_coding/studying_java_miscellanious/casumo/videorental"/>
    <property name="os.arch" value="x86_64"/>
    <property name="java.vm.specification.name" value="Java Virtual Machine Specification"/>
    <property name="java.awt.printerjob" value="sun.lwawt.macosx.CPrinterJob"/>
    <property name="sun.os.patch.level" value="unknown"/>
    <property name="java.library.path" value="/Users/jodantas/Library/Java/Extensions:/Library/Java/Extensions:/Network/Library/Java/Extensions:/System/Library/Java/Extensions:/usr/lib/java:."/>
    <property name="java.vm.info" value="mixed mode"/>
    <property name="java.vendor" value="Oracle Corporation"/>
    <property name="java.vm.version" value="25.71-b15"/>
    <property name="java.ext.dirs" value="/Users/jodantas/Library/Java/Extensions:/Library/Java/JavaVirtualMachines/jdk1.8.0_71.jdk/Contents/Home/jre/lib/ext:/Library/Java/Extensions:/Network/Library/Java/Extensions:/System/Library/Java/Extensions:/usr/lib/java"/>
    <property name="sun.io.unicode.encoding" value="UnicodeBig"/>
    <property name="java.class.version" value="52.0"/>
    <property name="socksNonProxyHosts" value="local|*.local|169.254/16|*.169.254/16"/>
  </properties>
  <testcase name="calculateRentPrice_OverDayLimit_ShouldReturnFixedpriceTimesDays" classname="com.joanadantas.RegularPricingTest" time="0"/>
  <testcase name="calculateRentPrice_SameAsDayLimit_ShouldReturnFixedprice" classname="com.joanadantas.RegularPricingTest" time="0"/>
  <testcase name="calculateRentPrice_UnderDayLimit_ShouldReturnFixedprice" classname="com.joanadantas.RegularPricingTest" time="0"/>
</testsuite>